<?xml version="1.0" encoding="UTF-8"?>
<!-- Generated by org.testng.reporters.JUnitReportReporter -->
<testsuite hostname="WS-RSU" failures="0" tests="12" name="tests.dspPortal.dspPortalTest" time="128.803" errors="0" timestamp="2025-07-01T15:38:31 WIB" skipped="0">
  <testcase classname="tests.dspPortal.dspPortalTest" name="normalFdmPage" time="4.591"/>
  <testcase classname="tests.dspPortal.dspPortalTest" name="normalLayananPage" time="1.464"/>
  <testcase classname="tests.dspPortal.dspPortalTest" name="normalSettlement" time="0.713"/>
  <testcase classname="tests.dspPortal.dspPortalTest" name="normalUsaha" time="15.100"/>
  <testcase classname="tests.dspPortal.dspPortalTest" name="assertDetailAfterBuatMOS" time="5.519"/>
  <testcase classname="tests.dspPortal.dspPortalTest" name="assertEditPage" time="10.535"/>
  <testcase classname="tests.dspPortal.dspPortalTest" name="assertScoringPageDataAndOption" time="39.054"/>
  <testcase classname="tests.dspPortal.dspPortalTest" name="normalScoring" time="13.014"/>
  <testcase classname="tests.dspPortal.dspPortalTest" name="normalLoginDeptHead" time="0.198"/>
  <testcase classname="tests.dspPortal.dspPortalTest" name="normalApproving" time="24.327"/>
  <testcase classname="tests.dspPortal.dspPortalTest" name="checkingCMS" time="10.762"/>
  <testcase classname="tests.dspPortal.dspPortalTest" name="assertDetailAfterApproval" time="3.526"/>
</testsuite> <!-- tests.dspPortal.dspPortalTest -->
