<?xml version="1.0" encoding="UTF-8"?>
<!-- Generated by org.testng.reporters.JUnitReportReporter -->
<testsuite hostname="WS-RSU" failures="0" tests="2" name="tests.dspPortal.dspPortalTest" time="10.319" errors="0" timestamp="2025-06-17T15:49:21 WIB" skipped="0">
  <testcase classname="tests.dspPortal.dspPortalTest" name="loginTest" time="4.869"/>
  <testcase classname="tests.dspPortal.dspPortalTest" name="fdmNormalTest" time="5.450"/>
</testsuite> <!-- tests.dspPortal.dspPortalTest -->
