<?xml version="1.0" encoding="UTF-8"?>
<!-- Generated by org.testng.reporters.JUnitReportReporter -->
<testsuite hostname="WS-RSU" failures="0" tests="11" name="tests.dspPortal.dspPortalTest" time="100.946" errors="0" timestamp="2025-06-30T16:10:53 WIB" skipped="0">
  <testcase classname="tests.dspPortal.dspPortalTest" name="normalFdmPage" time="2.749"/>
  <testcase classname="tests.dspPortal.dspPortalTest" name="normalLayananPage" time="1.495"/>
  <testcase classname="tests.dspPortal.dspPortalTest" name="normalSettlement" time="0.628"/>
  <testcase classname="tests.dspPortal.dspPortalTest" name="normalUsaha" time="14.560"/>
  <testcase classname="tests.dspPortal.dspPortalTest" name="assertDetailAfterBuatMOS" time="5.840"/>
  <testcase classname="tests.dspPortal.dspPortalTest" name="assertEditPage" time="10.482"/>
  <testcase classname="tests.dspPortal.dspPortalTest" name="assertScoringPageDataAndOption" time="32.042"/>
  <testcase classname="tests.dspPortal.dspPortalTest" name="normalScoring" time="4.822"/>
  <testcase classname="tests.dspPortal.dspPortalTest" name="normalLoginDeptHead" time="0.199"/>
  <testcase classname="tests.dspPortal.dspPortalTest" name="normalApproving" time="24.675"/>
  <testcase classname="tests.dspPortal.dspPortalTest" name="assertDetailAfterApproval" time="3.454"/>
</testsuite> <!-- tests.dspPortal.dspPortalTest -->
