<?xml version="1.0" encoding="UTF-8"?>
<!-- Generated by org.testng.reporters.JUnitReportReporter -->
<testsuite hostname="WS-RSU" failures="0" tests="14" name="tests.dspPortal.dspPortalTest" time="4.525" errors="1" timestamp="2025-07-02T14:17:09 WIB" skipped="13">
  <testcase classname="tests.dspPortal.dspPortalTest" name="setEnvironment" time="4.524">
    <error message="Unresolved compilation problem: 
	The declared package &quot;com.saimen.dspPortal&quot; does not match the expected package &quot;com.saimen.pages.dspPortal&quot;
" type="java.lang.Error">
      <![CDATA[java.lang.Error: Unresolved compilation problem: 
The declared package "com.saimen.dspPortal" does not match the expected package "com.saimen.pages.dspPortal"

at com.saimen.pages.dspPortal.loginPage.<init>(loginPage.java:1)
at tests.dspPortal.dspPortalTest.setEnvironment(dspPortalTest.java:104)
at java.base/jdk.internal.reflect.DirectMethodHandleAccessor.invoke(DirectMethodHandleAccessor.java:103)
at java.base/java.lang.reflect.Method.invoke(Method.java:580)
at org.testng.internal.invokers.MethodInvocationHelper.invokeMethod(MethodInvocationHelper.java:141)
at org.testng.internal.invokers.MethodInvocationHelper.invokeMethodConsideringTimeout(MethodInvocationHelper.java:71)
at org.testng.internal.invokers.ConfigInvoker.invokeConfigurationMethod(ConfigInvoker.java:400)
at org.testng.internal.invokers.ConfigInvoker.invokeConfigurations(ConfigInvoker.java:333)
at org.testng.internal.invokers.TestMethodWorker.invokeBeforeClassMethods(TestMethodWorker.java:188)
at org.testng.internal.invokers.TestMethodWorker.run(TestMethodWorker.java:128)
at java.base/java.util.ArrayList.forEach(ArrayList.java:1597)
at org.testng.TestRunner.privateRun(TestRunner.java:739)
at org.testng.TestRunner.run(TestRunner.java:614)
at org.testng.SuiteRunner.runTest(SuiteRunner.java:421)
at org.testng.SuiteRunner.runSequentially(SuiteRunner.java:413)
at org.testng.SuiteRunner.privateRun(SuiteRunner.java:373)
at org.testng.SuiteRunner.run(SuiteRunner.java:312)
at org.testng.SuiteRunnerWorker.runSuite(SuiteRunnerWorker.java:52)
at org.testng.SuiteRunnerWorker.run(SuiteRunnerWorker.java:95)
at org.testng.TestNG.runSuitesSequentially(TestNG.java:1274)
at org.testng.TestNG.runSuitesLocally(TestNG.java:1208)
at org.testng.TestNG.runSuites(TestNG.java:1112)
at org.testng.TestNG.run(TestNG.java:1079)
at org.apache.maven.surefire.testng.TestNGExecutor.run(TestNGExecutor.java:308)
at org.apache.maven.surefire.testng.TestNGXmlTestSuite.execute(TestNGXmlTestSuite.java:71)
at org.apache.maven.surefire.testng.TestNGProvider.invoke(TestNGProvider.java:113)
at org.apache.maven.surefire.booter.ForkedBooter.runSuitesInProcess(ForkedBooter.java:385)
at org.apache.maven.surefire.booter.ForkedBooter.execute(ForkedBooter.java:162)
at org.apache.maven.surefire.booter.ForkedBooter.run(ForkedBooter.java:507)
at org.apache.maven.surefire.booter.ForkedBooter.main(ForkedBooter.java:495)
]]>
    </error>
  </testcase> <!-- setEnvironment -->
  <testcase classname="tests.dspPortal.dspPortalTest" name="normalFdmPage" time="0.000">
    <skipped/>
  </testcase> <!-- normalFdmPage -->
  <testcase classname="tests.dspPortal.dspPortalTest" name="normalLayananPage" time="0.000">
    <skipped/>
  </testcase> <!-- normalLayananPage -->
  <testcase classname="tests.dspPortal.dspPortalTest" name="normalSettlement" time="0.000">
    <skipped/>
  </testcase> <!-- normalSettlement -->
  <testcase classname="tests.dspPortal.dspPortalTest" name="normalUsaha" time="0.000">
    <skipped/>
  </testcase> <!-- normalUsaha -->
  <testcase classname="tests.dspPortal.dspPortalTest" name="assertDetailAfterBuatMOS" time="0.001">
    <skipped/>
  </testcase> <!-- assertDetailAfterBuatMOS -->
  <testcase classname="tests.dspPortal.dspPortalTest" name="assertEditPage" time="0.000">
    <skipped/>
  </testcase> <!-- assertEditPage -->
  <testcase classname="tests.dspPortal.dspPortalTest" name="assertScoringPageDataAndOption" time="0.000">
    <skipped/>
  </testcase> <!-- assertScoringPageDataAndOption -->
  <testcase classname="tests.dspPortal.dspPortalTest" name="normalScoring" time="0.000">
    <skipped/>
  </testcase> <!-- normalScoring -->
  <testcase classname="tests.dspPortal.dspPortalTest" name="normalLoginDeptHead" time="0.000">
    <skipped/>
  </testcase> <!-- normalLoginDeptHead -->
  <testcase classname="tests.dspPortal.dspPortalTest" name="normalApproving" time="0.000">
    <skipped/>
  </testcase> <!-- normalApproving -->
  <testcase classname="tests.dspPortal.dspPortalTest" name="assertDetailAfterApproval" time="0.000">
    <skipped/>
  </testcase> <!-- assertDetailAfterApproval -->
  <testcase classname="tests.dspPortal.dspPortalTest" name="checkingCMS" time="0.000">
    <skipped/>
  </testcase> <!-- checkingCMS -->
  <testcase classname="tests.dspPortal.dspPortalTest" name="checkingNuPay" time="0.000">
    <skipped/>
  </testcase> <!-- checkingNuPay -->
</testsuite> <!-- tests.dspPortal.dspPortalTest -->
