<?xml version="1.0" encoding="UTF-8"?>
<!-- Generated by org.testng.reporters.JUnitReportReporter -->
<testsuite hostname="WS-RSU" failures="0" tests="1" name="tests.dspPortal.dspPortalTest" time="2.335" errors="0" timestamp="2025-06-24T09:25:27 WIB" skipped="0">
  <testcase classname="tests.dspPortal.dspPortalTest" name="normalScoring" time="2.335"/>
</testsuite> <!-- tests.dspPortal.dspPortalTest -->
