<?xml version="1.0" encoding="UTF-8"?>
<!-- Generated by org.testng.reporters.JUnitReportReporter -->
<testsuite hostname="WS-RSU" failures="0" tests="2" name="tests.dspPortal.dspPortalTest" time="10.626" errors="0" timestamp="2025-06-17T17:07:19 WIB" skipped="0">
  <testcase classname="tests.dspPortal.dspPortalTest" name="fdmNormalTest" time="9.065"/>
  <testcase classname="tests.dspPortal.dspPortalTest" name="loginTest" time="1.561"/>
</testsuite> <!-- tests.dspPortal.dspPortalTest -->
