<?xml version="1.0" encoding="UTF-8"?>
<!-- Generated by org.testng.reporters.JUnitReportReporter -->
<testsuite hostname="WS-RSU" failures="0" tests="2" name="tests.dspPortal.dspPortalTest" time="19.928" errors="0" timestamp="2025-06-18T10:18:25 WIB" skipped="0">
  <testcase classname="tests.dspPortal.dspPortalTest" name="fdmNormalTest" time="9.953"/>
  <testcase classname="tests.dspPortal.dspPortalTest" name="loginTest" time="9.975"/>
</testsuite> <!-- tests.dspPortal.dspPortalTest -->
